\BOOKMARK [-1][-]{part.1}{I\040Part}{}% 1
\BOOKMARK [0][-]{chapter.1}{Problems}{part.1}% 2
\BOOKMARK [1][-]{section.1.1}{Preliminary\040problems}{chapter.1}% 3
\BOOKMARK [1][-]{section.1.2}{Limits\040of\040functions}{chapter.1}% 4
\BOOKMARK [1][-]{section.1.3}{Continuity}{chapter.1}% 5
\BOOKMARK [1][-]{section.1.4}{Differentiation}{chapter.1}% 6
\BOOKMARK [1][-]{section.1.5}{Sequences\040and\040series\040of\040functions}{chapter.1}% 7
\BOOKMARK [1][-]{section.1.6}{Integration}{chapter.1}% 8
\BOOKMARK [0][-]{chapter.2}{Solutions}{part.1}% 9
\BOOKMARK [1][-]{section.2.1}{Preliminary\040problems}{chapter.2}% 10
\BOOKMARK [1][-]{section.2.2}{Limits\040of\040functions}{chapter.2}% 11
\BOOKMARK [1][-]{section.2.3}{Continuity}{chapter.2}% 12
\BOOKMARK [-1][-]{part.2}{II\040Part}{}% 13
\BOOKMARK [0][-]{chapter.3}{Homework\040feedback}{part.2}% 14
\BOOKMARK [1][-]{section.3.1}{Feedback\040for\040Homework\0402}{chapter.3}% 15
\BOOKMARK [2][-]{subsection.3.1.1}{Problem\0408}{section.3.1}% 16
\BOOKMARK [2][-]{subsection.3.1.2}{Problem\0409}{section.3.1}% 17
\BOOKMARK [2][-]{subsection.3.1.3}{Problem\04019}{section.3.1}% 18
\BOOKMARK [2][-]{subsection.3.1.4}{Problem\04022}{section.3.1}% 19
\BOOKMARK [1][-]{section.3.2}{Feedback\040for\040Homework\0401}{chapter.3}% 20
\BOOKMARK [2][-]{subsection.3.2.1}{General\040comments\040on\040mathematical\040writing}{section.3.2}% 21
\BOOKMARK [2][-]{subsection.3.2.2}{Problems\040P2\040and\040P3}{section.3.2}% 22
\BOOKMARK [2][-]{subsection.3.2.3}{Problem\0402}{section.3.2}% 23
\BOOKMARK [2][-]{subsection.3.2.4}{Problem\0403}{section.3.2}% 24
